2023-04-18T18:22:05.766 application=block_scout_web request_id=F1cagKqZYw8BmL4AAALE [info] GET /
2023-04-18T18:22:05.773 application=block_scout_web request_id=F1cagKqZYw8BmL4AAALE [info] Sent 200 in 6ms
2023-04-18T18:22:06.109 application=block_scout_web request_id=F1cagL8K-J6305oAAApD [info] GET /recent-transactions
2023-04-18T18:22:06.109 application=block_scout_web request_id=F1cagL8O27K6odkAAANC [info] GET /chain-blocks
2023-04-18T18:22:06.113 application=block_scout_web request_id=F1cagL8K-J6305oAAApD [info] Sent 200 in 3ms
2023-04-18T18:22:06.119 application=block_scout_web request_id=F1cagL8O27K6odkAAANC [info] Sent 200 in 9ms
2023-04-18T18:22:06.169 application=block_scout_web request_id=F1cagMKZLEQQef0AAAPC [info] GET /market-history-chart
2023-04-18T18:22:06.169 application=block_scout_web request_id=F1cagMKYz6BAe8UAAArD [info] GET /transaction-history-chart
2023-04-18T18:22:06.171 application=block_scout_web request_id=F1cagMKYz6BAe8UAAArD [info] Sent 200 in 2ms
2023-04-18T18:22:06.171 application=block_scout_web request_id=F1cagMKZLEQQef0AAAPC [info] Sent 200 in 2ms
2023-04-18T18:23:31.514 application=block_scout_web request_id=F1calKGWrkEZZeIAAAzC [info] GET /
2023-04-18T18:23:31.520 application=block_scout_web request_id=F1calKGWrkEZZeIAAAzC [info] Sent 200 in 5ms
2023-04-18T18:23:31.632 application=block_scout_web request_id=F1calKiSd5plRSgAABpD [info] GET /recent-transactions
2023-04-18T18:23:31.633 application=block_scout_web request_id=F1calKiufI9Hsz8AAAZP [info] GET /chain-blocks
2023-04-18T18:23:31.633 application=block_scout_web request_id=F1calKiSd5plRSgAABpD [info] Sent 200 in 1ms
2023-04-18T18:23:31.642 application=block_scout_web request_id=F1calKiufI9Hsz8AAAZP [info] Sent 200 in 8ms
2023-04-18T18:23:31.671 application=block_scout_web request_id=F1calKrwKMz05gcAABqD [info] GET /market-history-chart
2023-04-18T18:23:31.671 application=block_scout_web request_id=F1calKrwKMz05gcAABqD [info] Sent 200 in 132µs
2023-04-18T18:23:31.672 application=block_scout_web request_id=F1calKr1e6wFtnkAAAaP [info] GET /transaction-history-chart
2023-04-18T18:23:31.673 application=block_scout_web request_id=F1calKr1e6wFtnkAAAaP [info] Sent 200 in 1ms
2023-04-18T18:26:57.384 application=block_scout_web request_id=F1caxJBh4ygjtUkAAAPH [info] GET /
2023-04-18T18:26:57.389 application=block_scout_web request_id=F1caxJBh4ygjtUkAAAPH [info] Sent 200 in 4ms
2023-04-18T18:26:57.634 application=block_scout_web request_id=F1caxJ9D6ODPVr4AAARH [info] GET /recent-transactions
2023-04-18T18:26:57.636 application=block_scout_web request_id=F1caxJ9p1D2lGF0AAATH [info] GET /chain-blocks
2023-04-18T18:26:57.637 application=block_scout_web request_id=F1caxJ9D6ODPVr4AAARH [info] Sent 200 in 3ms
2023-04-18T18:26:57.645 application=block_scout_web request_id=F1caxJ9p1D2lGF0AAATH [info] Sent 200 in 8ms
2023-04-18T18:26:57.679 application=block_scout_web request_id=F1caxKH2lLMBmL4AAAVH [info] GET /market-history-chart
2023-04-18T18:26:57.680 application=block_scout_web request_id=F1caxKH_PxV60hsAAAXH [info] GET /transaction-history-chart
2023-04-18T18:26:57.681 application=block_scout_web request_id=F1caxKH2lLMBmL4AAAVH [info] Sent 200 in 2ms
2023-04-18T18:26:57.682 application=block_scout_web request_id=F1caxKH_PxV60hsAAAXH [info] Sent 200 in 2ms
2023-04-18T18:27:04.819 application=block_scout_web request_id=F1caxkuNedfhNvEAAAeH [info] GET /blocks
2023-04-18T18:27:04.821 application=block_scout_web request_id=F1caxkuNedfhNvEAAAeH [info] Sent 200 in 1ms
2023-04-18T18:27:05.034 application=block_scout_web request_id=F1caxlhXQErTBDEAAAfH [info] GET /blocks
2023-04-18T18:27:05.044 application=block_scout_web request_id=F1caxlhXQErTBDEAAAfH [info] Sent 200 in 9ms
2023-04-18T18:27:15.442 application=block_scout_web request_id=F1cayMS8WGo1hZYAAAjH [info] GET /txs
2023-04-18T18:27:15.445 application=block_scout_web request_id=F1cayMS8WGo1hZYAAAjH [info] Sent 200 in 3ms
2023-04-18T18:27:15.712 application=block_scout_web request_id=F1cayNTSS9Sl-PwAAAjP [info] GET /txs
2023-04-18T18:27:15.721 application=block_scout_web request_id=F1cayNTSS9Sl-PwAAAjP [info] Sent 200 in 8ms
2023-04-18T18:28:46.025 application=block_scout_web request_id=F1ca3dvj-MzCneIAAAdP [info] GET /txs
2023-04-18T18:28:46.031 application=block_scout_web request_id=F1ca3dvj-MzCneIAAAdP [info] Sent 200 in 5ms
2023-04-18T18:28:46.291 application=block_scout_web request_id=F1ca3eunp45QSU8AAAfP [info] GET /txs
2023-04-18T18:28:46.304 application=block_scout_web request_id=F1ca3eunp45QSU8AAAfP [info] Sent 200 in 13ms
2023-04-18T18:28:48.844 application=block_scout_web request_id=F1ca3oPpnnDI3J8AAA3B [info] GET /
2023-04-18T18:28:48.848 application=block_scout_web request_id=F1ca3oPpnnDI3J8AAA3B [info] Sent 200 in 3ms
2023-04-18T18:28:49.010 application=block_scout_web request_id=F1ca3o3RFsaVE6oAAAnO [info] GET /recent-transactions
2023-04-18T18:28:49.014 application=block_scout_web request_id=F1ca3o35YusjbQMAABXF [info] GET /chain-blocks
2023-04-18T18:28:49.016 application=block_scout_web request_id=F1ca3o3RFsaVE6oAAAnO [info] Sent 200 in 5ms
2023-04-18T18:28:49.034 application=block_scout_web request_id=F1ca3o35YusjbQMAABXF [info] Sent 200 in 19ms
2023-04-18T18:28:49.061 application=block_scout_web request_id=F1ca3pDWt1xCcOIAAAoO [info] GET /market-history-chart
2023-04-18T18:28:49.063 application=block_scout_web request_id=F1ca3pDtu_mNd_QAAA4B [info] GET /transaction-history-chart
2023-04-18T18:28:49.065 application=block_scout_web request_id=F1ca3pDWt1xCcOIAAAoO [info] Sent 200 in 4ms
2023-04-18T18:28:49.066 application=block_scout_web request_id=F1ca3pDtu_mNd_QAAA4B [info] Sent 200 in 3ms
2023-04-18T18:29:17.335 application=block_scout_web request_id=F1ca5SYZycG0eL0AAArO [info] GET /tx/0xaaf5dbed6d0e0b571db863627bfa6a200e34ecb55d14229608476f155d917dbb
2023-04-18T18:29:17.338 application=block_scout_web request_id=F1ca5SYZycG0eL0AAArO [info] Sent 404 in 2ms
2023-04-18T18:32:50.056 application=block_scout_web request_id=F1cbFq1B_OwjJhYAABCN [info] GET /
2023-04-18T18:32:50.058 application=block_scout_web request_id=F1cbFq1B_OwjJhYAABCN [info] Sent 200 in 2ms
2023-04-18T18:32:50.301 application=block_scout_web request_id=F1cbFrvcDzezHNEAABDN [info] GET /recent-transactions
2023-04-18T18:32:50.304 application=block_scout_web request_id=F1cbFrwKKLEZk0QAABEN [info] GET /chain-blocks
2023-04-18T18:32:50.306 application=block_scout_web request_id=F1cbFrvcDzezHNEAABDN [info] Sent 200 in 4ms
2023-04-18T18:32:50.319 application=block_scout_web request_id=F1cbFrwKKLEZk0QAABEN [info] Sent 200 in 15ms
2023-04-18T18:32:50.440 application=block_scout_web request_id=F1cbFsQhCa4mdaEAABFN [info] GET /market-history-chart
2023-04-18T18:32:50.440 application=block_scout_web request_id=F1cbFsQhCa4mdaEAABFN [info] Sent 200 in 207µs
2023-04-18T18:32:50.445 application=block_scout_web request_id=F1cbFsRsBYlILu4AABGN [info] GET /transaction-history-chart
2023-04-18T18:32:50.448 application=block_scout_web request_id=F1cbFsRsBYlILu4AABGN [info] Sent 200 in 3ms
2023-04-18T18:32:56.391 application=block_scout_web request_id=F1cbGCbaNUjbtYwAABON [info] GET /blocks
2023-04-18T18:32:56.392 application=block_scout_web request_id=F1cbGCbaNUjbtYwAABON [info] Sent 200 in 1ms
2023-04-18T18:32:56.822 application=block_scout_web request_id=F1cbGECCnKHofyUAAAyM [info] GET /blocks
2023-04-18T18:32:56.839 application=block_scout_web request_id=F1cbGECCnKHofyUAAAyM [info] Sent 200 in 17ms
2023-04-18T18:33:40.345 application=block_scout_web request_id=F1cbImK3TyF95_wAABhN [info] GET /address/0x70c22051eeca7bd6e29cd6d24dd38fb5824aedc4
2023-04-18T18:33:40.345 application=block_scout_web request_id=F1cbImK3TyF95_wAABhN [info] Sent 302 in 175µs
2023-04-18T18:33:40.348 application=block_scout_web request_id=F1cbImLiWyMUcI0AABiN [info] GET /address/0x70c22051eecA7Bd6E29cd6D24DD38fB5824aEdc4
2023-04-18T18:33:40.382 application=block_scout_web request_id=F1cbImLiWyMUcI0AABiN [info] Sent 200 in 34ms
2023-04-18T18:33:40.874 application=block_scout_web request_id=F1cbIoJC6qJa8DEAABoN [info] GET /address-counters
2023-04-18T18:33:40.879 application=block_scout_web request_id=F1cbIoJC6qJa8DEAABoN [info] Sent 200 in 4ms
2023-04-18T18:33:40.901 application=block_scout_web request_id=F1cbIoPdQ3870EAAABpN [info] GET /address/0x70c22051eecA7Bd6E29cd6D24DD38fB5824aEdc4
2023-04-18T18:33:40.906 application=block_scout_web request_id=F1cbIoPdQ3870EAAABpN [info] Sent 200 in 4ms
2023-04-18T18:33:41.876 application=block_scout_web request_id=F1cbIr32ItOVopUAABtN [info] GET /address/0x70c22051eecA7Bd6E29cd6D24DD38fB5824aEdc4/token-balances
2023-04-18T18:33:41.880 application=block_scout_web request_id=F1cbIr32ItOVopUAABtN [info] Sent 200 in 4ms
2023-04-18T18:37:28.890 application=block_scout_web request_id=F1cbV5kHuGWVHfUAAAIH [info] GET /
2023-04-18T18:37:28.897 application=block_scout_web request_id=F1cbV5kHuGWVHfUAAAIH [info] Sent 200 in 7ms
2023-04-18T18:37:29.156 application=block_scout_web request_id=F1cbV6ju30n35mIAAAJH [info] GET /recent-transactions
2023-04-18T18:37:29.157 application=block_scout_web request_id=F1cbV6j1Gi5NfDIAAALI [info] GET /chain-blocks
2023-04-18T18:37:29.158 application=block_scout_web request_id=F1cbV6ju30n35mIAAAJH [info] Sent 200 in 2ms
2023-04-18T18:37:29.165 application=block_scout_web request_id=F1cbV6j1Gi5NfDIAAALI [info] Sent 200 in 8ms
2023-04-18T18:37:29.199 application=block_scout_web request_id=F1cbV6t4HoUgig8AAALH [info] GET /transaction-history-chart
2023-04-18T18:37:29.200 application=block_scout_web request_id=F1cbV6t4Hy342rQAAACF [info] GET /market-history-chart
2023-04-18T18:37:29.201 application=block_scout_web request_id=F1cbV6t4HoUgig8AAALH [info] Sent 200 in 2ms
2023-04-18T18:37:29.203 application=block_scout_web request_id=F1cbV6t4Hy342rQAAACF [info] Sent 200 in 2ms
2023-04-18T18:37:32.148 application=block_scout_web request_id=F1cbWFtARmCLtqEAAAIF [info] GET /blocks
2023-04-18T18:37:32.149 application=block_scout_web request_id=F1cbWFtARmCLtqEAAAIF [info] Sent 200 in 1ms
2023-04-18T18:37:32.352 application=block_scout_web request_id=F1cbWGdoTHnQyAsAABVN [info] GET /blocks
2023-04-18T18:37:32.366 application=block_scout_web request_id=F1cbWGdoTHnQyAsAABVN [info] Sent 200 in 14ms
2023-04-18T18:48:03.537 application=block_scout_web request_id=F1cb61z3lEYalTYAAAFI [info] GET /blocks
2023-04-18T18:48:03.537 application=block_scout_web request_id=F1cb61z3lEYalTYAAAFI [info] Sent 200 in 629µs
2023-04-18T18:48:03.910 application=block_scout_web request_id=F1cb63Mr7nEOe4UAAANH [info] GET /blocks
2023-04-18T18:48:03.929 application=block_scout_web request_id=F1cb63Mr7nEOe4UAAANH [info] Sent 200 in 19ms
2023-04-18T18:48:04.498 application=block_scout_web request_id=F1cb65ZDFU26MKQAAAPH [info] GET /
2023-04-18T18:48:04.508 application=block_scout_web request_id=F1cb65ZDFU26MKQAAAPH [info] Sent 200 in 10ms
2023-04-18T18:48:04.806 application=block_scout_web request_id=F1cb66icQ6RNqS4AAARH [info] GET /recent-transactions
2023-04-18T18:48:04.809 application=block_scout_web request_id=F1cb66jEL07zP0wAAATH [info] GET /chain-blocks
2023-04-18T18:48:04.812 application=block_scout_web request_id=F1cb66icQ6RNqS4AAARH [info] Sent 200 in 6ms
2023-04-18T18:48:04.827 application=block_scout_web request_id=F1cb66jEL07zP0wAAATH [info] Sent 200 in 18ms
2023-04-18T18:48:04.890 application=block_scout_web request_id=F1cb662S_S06CJgAAAUH [info] GET /market-history-chart
2023-04-18T18:48:04.890 application=block_scout_web request_id=F1cb662kTSSugcQAAACD [info] GET /transaction-history-chart
2023-04-18T18:48:04.894 application=block_scout_web request_id=F1cb662kTSSugcQAAACD [info] Sent 200 in 3ms
2023-04-18T18:48:04.894 application=block_scout_web request_id=F1cb662S_S06CJgAAAUH [info] Sent 200 in 4ms
2023-04-18T18:48:06.449 application=block_scout_web request_id=F1cb7AqRdXbBhpUAAAYH [info] GET /
2023-04-18T18:48:06.452 application=block_scout_web request_id=F1cb7AqRdXbBhpUAAAYH [info] Sent 200 in 2ms
2023-04-18T18:48:06.597 application=block_scout_web request_id=F1cb7BNe054jbQMAAAZH [info] GET /recent-transactions
2023-04-18T18:48:06.600 application=block_scout_web request_id=F1cb7BOM_NDIu1cAAAaH [info] GET /chain-blocks
2023-04-18T18:48:06.603 application=block_scout_web request_id=F1cb7BNe054jbQMAAAZH [info] Sent 200 in 5ms
2023-04-18T18:48:06.614 application=block_scout_web request_id=F1cb7BOM_NDIu1cAAAaH [info] Sent 200 in 14ms
2023-04-18T18:48:06.654 application=block_scout_web request_id=F1cb7Ba71SPiCHwAAAbH [info] GET /market-history-chart
2023-04-18T18:48:06.654 application=block_scout_web request_id=F1cb7Ba71SPiCHwAAAbH [info] Sent 200 in 317µs
2023-04-18T18:48:06.655 application=block_scout_web request_id=F1cb7BbTc8S8z_0AAAcH [info] GET /transaction-history-chart
2023-04-18T18:48:06.659 application=block_scout_web request_id=F1cb7BbTc8S8z_0AAAcH [info] Sent 200 in 4ms
2023-04-18T18:49:14.389 application=block_scout_web request_id=F1cb-9wTilxKDdQAABgH [info] GET /
2023-04-18T18:49:14.394 application=block_scout_web request_id=F1cb-9wTilxKDdQAABgH [info] Sent 200 in 5ms
2023-04-18T18:49:14.632 application=block_scout_web request_id=F1cb--qSSWfWxlsAABhH [info] GET /recent-transactions
2023-04-18T18:49:14.635 application=block_scout_web request_id=F1cb--rASvUvyGwAABiH [info] GET /chain-blocks
2023-04-18T18:49:14.639 application=block_scout_web request_id=F1cb--qSSWfWxlsAABhH [info] Sent 200 in 6ms
2023-04-18T18:49:14.659 application=block_scout_web request_id=F1cb--rASvUvyGwAABiH [info] Sent 200 in 23ms
2023-04-18T18:49:14.708 application=block_scout_web request_id=F1cb--8ZiSY1e14AABjH [info] GET /market-history-chart
2023-04-18T18:49:14.709 application=block_scout_web request_id=F1cb--8ZiSY1e14AABjH [info] Sent 200 in 324µs
2023-04-18T18:49:14.709 application=block_scout_web request_id=F1cb--8oXaqJwZEAAAOC [info] GET /transaction-history-chart
2023-04-18T18:49:14.712 application=block_scout_web request_id=F1cb--8oXaqJwZEAAAOC [info] Sent 200 in 2ms
2023-04-18T18:49:16.523 application=block_scout_web request_id=F1cb_FtNmloFm9gAAAOD [info] GET /blocks
2023-04-18T18:49:16.526 application=block_scout_web request_id=F1cb_FtNmloFm9gAAAOD [info] Sent 200 in 2ms
2023-04-18T18:49:16.885 application=block_scout_web request_id=F1cb_HDSKG9zk6sAAAPD [info] GET /blocks
2023-04-18T18:49:16.898 application=block_scout_web request_id=F1cb_HDSKG9zk6sAAAPD [info] Sent 200 in 12ms
2023-04-18T18:51:46.946 application=block_scout_web request_id=F1ccH2Eq96NQSU8AABVN [info] GET /
2023-04-18T18:51:46.958 application=block_scout_web request_id=F1ccH2Eq96NQSU8AABVN [info] Sent 200 in 11ms
2023-04-18T18:51:47.244 application=block_scout_web request_id=F1ccH3L2E_2ugcQAABYN [info] GET /recent-transactions
2023-04-18T18:51:47.247 application=block_scout_web request_id=F1ccH3MbWYAMXMMAAAgF [info] GET /chain-blocks
2023-04-18T18:51:47.254 application=block_scout_web request_id=F1ccH3L2E_2ugcQAABYN [info] Sent 200 in 9ms
2023-04-18T18:51:47.277 application=block_scout_web request_id=F1ccH3MbWYAMXMMAAAgF [info] Sent 200 in 29ms
2023-04-18T18:51:47.312 application=block_scout_web request_id=F1ccH3b-uJVNfDIAABbN [info] GET /market-history-chart
2023-04-18T18:51:47.313 application=block_scout_web request_id=F1ccH3cLorPiiroAAADM [info] GET /transaction-history-chart
2023-04-18T18:51:47.315 application=block_scout_web request_id=F1ccH3b-uJVNfDIAABbN [info] Sent 200 in 2ms
2023-04-18T18:51:47.315 application=block_scout_web request_id=F1ccH3cLorPiiroAAADM [info] Sent 200 in 2ms
2023-04-18T18:52:56.359 application=block_scout_web request_id=F1ccL4qAt2uaYvUAAA2J [info] GET /
2023-04-18T18:52:56.360 application=block_scout_web request_id=F1ccL4qAt2uaYvUAAA2J [info] Sent 200 in 1ms
2023-04-18T18:52:56.492 application=block_scout_web request_id=F1ccL5JxPIcnjOsAAB9N [info] GET /recent-transactions
2023-04-18T18:52:56.493 application=block_scout_web request_id=F1ccL5KBnmkJqloAAB-N [info] GET /chain-blocks
2023-04-18T18:52:56.493 application=block_scout_web request_id=F1ccL5JxPIcnjOsAAB9N [info] Sent 200 in 1ms
2023-04-18T18:52:56.503 application=block_scout_web request_id=F1ccL5KBnmkJqloAAB-N [info] Sent 200 in 10ms
2023-04-18T18:52:56.526 application=block_scout_web request_id=F1ccL5R-xd2TssIAAB_N [info] GET /market-history-chart
2023-04-18T18:52:56.526 application=block_scout_web request_id=F1ccL5R-xd2TssIAAB_N [info] Sent 200 in 142µs
2023-04-18T18:52:56.527 application=block_scout_web request_id=F1ccL5SHxVcJiEQAACAN [info] GET /transaction-history-chart
2023-04-18T18:52:56.528 application=block_scout_web request_id=F1ccL5SHxVcJiEQAACAN [info] Sent 200 in 1ms
2023-04-18T18:52:59.267 application=block_scout_web request_id=F1ccMDfbQ_m6TBkAAAuM [info] GET /blocks
2023-04-18T18:52:59.269 application=block_scout_web request_id=F1ccMDfbQ_m6TBkAAAuM [info] Sent 200 in 1ms
2023-04-18T18:52:59.432 application=block_scout_web request_id=F1ccMEG13GSiGKcAAAvM [info] GET /blocks
2023-04-18T18:52:59.442 application=block_scout_web request_id=F1ccMEG13GSiGKcAAAvM [info] Sent 200 in 9ms
2023-04-18T19:11:23.086 application=block_scout_web request_id=F1cdMTiTBT8rP-QAACSG [info] GET /blocks
2023-04-18T19:11:23.086 application=block_scout_web request_id=F1cdMTiTBT8rP-QAACSG [info] Sent 200 in 698µs
2023-04-18T19:11:23.303 application=block_scout_web request_id=F1cdMUWGno_Q04sAAAZC [info] GET /blocks
2023-04-18T19:11:23.310 application=block_scout_web request_id=F1cdMUWGno_Q04sAAAZC [info] Sent 200 in 7ms
2023-04-18T19:12:00.641 application=block_scout_web request_id=F1cdOfcPPhWmlVkAAA3C [info] GET /blocks
2023-04-18T19:12:00.642 application=block_scout_web request_id=F1cdOfcPPhWmlVkAAA3C [info] Sent 200 in 593µs
2023-04-18T19:12:00.751 application=block_scout_web request_id=F1cdOf2awiv1uj0AAA4C [info] GET /blocks
2023-04-18T19:12:00.757 application=block_scout_web request_id=F1cdOf2awiv1uj0AAA4C [info] Sent 200 in 6ms
2023-04-18T19:12:07.748 application=block_scout_web request_id=F1cdO56tpLe2XnUAAA8C [info] GET /
2023-04-18T19:12:07.752 application=block_scout_web request_id=F1cdO56tpLe2XnUAAA8C [info] Sent 200 in 3ms
2023-04-18T19:12:07.885 application=block_scout_web request_id=F1cdO6bWrs08f34AAA-C [info] GET /recent-transactions
2023-04-18T19:12:07.887 application=block_scout_web request_id=F1cdO6bwYUbgSzYAABAC [info] GET /chain-blocks
2023-04-18T19:12:07.888 application=block_scout_web request_id=F1cdO6bWrs08f34AAA-C [info] Sent 200 in 3ms
2023-04-18T19:12:07.893 application=block_scout_web request_id=F1cdO6bwYUbgSzYAABAC [info] Sent 200 in 6ms
2023-04-18T19:12:07.923 application=block_scout_web request_id=F1cdO6kSzppYQd8AABBC [info] GET /market-history-chart
2023-04-18T19:12:07.923 application=block_scout_web request_id=F1cdO6kYf2qTssIAAALN [info] GET /transaction-history-chart
2023-04-18T19:12:07.924 application=block_scout_web request_id=F1cdO6kYf2qTssIAAALN [info] Sent 200 in 1ms
2023-04-18T19:12:07.925 application=block_scout_web request_id=F1cdO6kSzppYQd8AABBC [info] Sent 200 in 1ms
2023-04-18T19:12:10.728 application=block_scout_web request_id=F1cdPFBE40UinWsAABHC [info] GET /txs
2023-04-18T19:12:10.729 application=block_scout_web request_id=F1cdPFBE40UinWsAABHC [info] Sent 200 in 1ms
2023-04-18T19:12:10.879 application=block_scout_web request_id=F1cdPFlIVuqJwZEAABJC [info] GET /txs
2023-04-18T19:12:10.884 application=block_scout_web request_id=F1cdPFlIVuqJwZEAABJC [info] Sent 200 in 4ms
2023-04-18T19:19:56.937 application=block_scout_web request_id=F1cdqNyAj7LYRNgAAAON [info] GET /tx/0x716e4a7b0b1972a64aaa97351bb1ffe4e9ddf717a42d624fbad676a76d9f9301
2023-04-18T19:19:56.940 application=block_scout_web request_id=F1cdqNyAj7LYRNgAAAON [info] Sent 404 in 2ms
2023-04-18T19:21:26.460 application=block_scout_web request_id=F1cdvbSDtuI7q-8AAB8C [info] GET /tx/0x716e4a7b0b1972a64aaa97351bb1ffe4e9ddf717a42d624fbad676a76d9f9301
2023-04-18T19:21:26.462 application=block_scout_web request_id=F1cdvbSDtuI7q-8AAB8C [info] Sent 404 in 1ms
2023-04-18T19:21:55.738 application=block_scout_web request_id=F1cdxIWbPo5MixAAAApN [info] GET /tx/0x716e4a7b0b1972a64aaa97351bb1ffe4e9ddf717a42d624fbad676a76d9f9301
2023-04-18T19:21:55.741 application=block_scout_web request_id=F1cdxIWbPo5MixAAAApN [info] Sent 404 in 2ms
2023-04-18T19:26:42.632 application=block_scout_web request_id=F1ceB1HOGp-LtqEAAAQN [info] GET /txs
2023-04-18T19:26:42.635 application=block_scout_web request_id=F1ceB1HOGp-LtqEAAAQN [info] Sent 200 in 2ms
2023-04-18T19:26:42.883 application=block_scout_web request_id=F1ceB2DE91dL9iAAAASN [info] GET /txs
2023-04-18T19:26:42.889 application=block_scout_web request_id=F1ceB2DE91dL9iAAAASN [info] Sent 200 in 6ms
2023-04-18T19:26:56.643 application=block_scout_web request_id=F1ceCpT1U8JDbE0AAAbN [info] GET /
2023-04-18T19:26:56.648 application=block_scout_web request_id=F1ceCpT1U8JDbE0AAAbN [info] Sent 200 in 4ms
2023-04-18T19:26:56.769 application=block_scout_web request_id=F1ceCpxsZ0HngHEAAAcN [info] GET /recent-transactions
2023-04-18T19:26:56.769 application=block_scout_web request_id=F1ceCpx1ducnbsUAAAkC [info] GET /chain-blocks
2023-04-18T19:26:56.772 application=block_scout_web request_id=F1ceCpxsZ0HngHEAAAcN [info] Sent 200 in 3ms
2023-04-18T19:26:56.777 application=block_scout_web request_id=F1ceCpx1ducnbsUAAAkC [info] Sent 200 in 8ms
2023-04-18T19:26:56.807 application=block_scout_web request_id=F1ceCp649fEinHMAAAoC [info] GET /market-history-chart
2023-04-18T19:26:56.808 application=block_scout_web request_id=F1ceCp691WM2YxoAAAdN [info] GET /transaction-history-chart
2023-04-18T19:26:56.809 application=block_scout_web request_id=F1ceCp649fEinHMAAAoC [info] Sent 200 in 1ms
2023-04-18T19:26:56.809 application=block_scout_web request_id=F1ceCp691WM2YxoAAAdN [info] Sent 200 in 1ms
2023-04-18T19:27:05.914 application=block_scout_web request_id=F1ceDL2GdcoFzGgAAAiN [info] GET /
2023-04-18T19:27:05.922 application=block_scout_web request_id=F1ceDL2GdcoFzGgAAAiN [info] Sent 200 in 7ms
2023-04-18T19:27:06.035 application=block_scout_web request_id=F1ceDMS388VdtSEAAAjN [info] GET /recent-transactions
2023-04-18T19:27:06.035 application=block_scout_web request_id=F1ceDMTDX9MUftQAAAvC [info] GET /chain-blocks
2023-04-18T19:27:06.039 application=block_scout_web request_id=F1ceDMS388VdtSEAAAjN [info] Sent 200 in 4ms
2023-04-18T19:27:06.046 application=block_scout_web request_id=F1ceDMTDX9MUftQAAAvC [info] Sent 200 in 10ms
2023-04-18T19:27:06.065 application=block_scout_web request_id=F1ceDMaLqfZjw7AAAAwC [info] GET /market-history-chart
2023-04-18T19:27:06.065 application=block_scout_web request_id=F1ceDMaOkNveuE8AAAkN [info] GET /transaction-history-chart
2023-04-18T19:27:06.066 application=block_scout_web request_id=F1ceDMaLqfZjw7AAAAwC [info] Sent 200 in 162µs
2023-04-18T19:27:06.067 application=block_scout_web request_id=F1ceDMaOkNveuE8AAAkN [info] Sent 200 in 1ms
2023-04-18T19:27:17.997 application=block_scout_web request_id=F1ceD420rMP88YgAAAqN [info] GET /blocks
2023-04-18T19:27:17.998 application=block_scout_web request_id=F1ceD420rMP88YgAAAqN [info] Sent 200 in 925µs
2023-04-18T19:27:18.143 application=block_scout_web request_id=F1ceD5Zz-L3v0F8AAArN [info] GET /blocks
2023-04-18T19:27:18.149 application=block_scout_web request_id=F1ceD5Zz-L3v0F8AAArN [info] Sent 200 in 5ms
2023-04-18T19:29:32.316 application=block_scout_web request_id=F1ceLtPI9IWnQ5EAABBN [info] GET /
2023-04-18T19:29:32.318 application=block_scout_web request_id=F1ceLtPI9IWnQ5EAABBN [info] Sent 200 in 2ms
2023-04-18T19:29:32.455 application=block_scout_web request_id=F1ceLtwGKFSmjKAAABCN [info] GET /recent-transactions
2023-04-18T19:29:32.456 application=block_scout_web request_id=F1ceLtwVojzHsxoAABDN [info] GET /chain-blocks
2023-04-18T19:29:32.457 application=block_scout_web request_id=F1ceLtwGKFSmjKAAABCN [info] Sent 200 in 2ms
2023-04-18T19:29:32.463 application=block_scout_web request_id=F1ceLtwVojzHsxoAABDN [info] Sent 200 in 7ms
2023-04-18T19:29:32.482 application=block_scout_web request_id=F1ceLt2rPdnJ2NIAABEN [info] GET /market-history-chart
2023-04-18T19:29:32.482 application=block_scout_web request_id=F1ceLt2rPdnJ2NIAABEN [info] Sent 200 in 112µs
2023-04-18T19:29:32.483 application=block_scout_web request_id=F1ceLt252DhhUuoAABFN [info] GET /transaction-history-chart
2023-04-18T19:29:32.485 application=block_scout_web request_id=F1ceLt252DhhUuoAABFN [info] Sent 200 in 1ms
2023-04-18T19:29:41.678 application=block_scout_web request_id=F1ceMQHCK9t9oisAABIN [info] GET /
2023-04-18T19:29:41.685 application=block_scout_web request_id=F1ceMQHCK9t9oisAABIN [info] Sent 200 in 6ms
2023-04-18T19:29:41.900 application=block_scout_web request_id=F1ceMQ7_E2SLMysAABJN [info] GET /recent-transactions
2023-04-18T19:29:41.903 application=block_scout_web request_id=F1ceMQ7_E2SLMysAABJN [info] Sent 200 in 3ms
2023-04-18T19:29:41.904 application=block_scout_web request_id=F1ceMQ9D-Hc42q4AABKN [info] GET /chain-blocks
2023-04-18T19:29:41.912 application=block_scout_web request_id=F1ceMQ9D-Hc42q4AABKN [info] Sent 200 in 8ms
2023-04-18T19:29:41.931 application=block_scout_web request_id=F1ceMRDbLanqTe0AABLN [info] GET /market-history-chart
2023-04-18T19:29:41.931 application=block_scout_web request_id=F1ceMRDbLanqTe0AABLN [info] Sent 200 in 269µs
2023-04-18T19:29:41.931 application=block_scout_web request_id=F1ceMRDjylgNwjIAABMN [info] GET /transaction-history-chart
2023-04-18T19:29:41.933 application=block_scout_web request_id=F1ceMRDjylgNwjIAABMN [info] Sent 200 in 1ms
2023-04-18T19:29:44.604 application=block_scout_web request_id=F1ceMbAxyivfllsAABPN [info] GET /blocks
2023-04-18T19:29:44.607 application=block_scout_web request_id=F1ceMbAxyivfllsAABPN [info] Sent 200 in 2ms
2023-04-18T19:29:44.760 application=block_scout_web request_id=F1ceMbl1lWvN_QIAABQN [info] GET /blocks
2023-04-18T19:29:44.765 application=block_scout_web request_id=F1ceMbl1lWvN_QIAABQN [info] Sent 200 in 5ms
2023-04-18T19:32:34.760 application=block_scout_web request_id=F1ceWU5MgJNAgt8AABnB [info] GET /blocks
2023-04-18T19:32:34.761 application=block_scout_web request_id=F1ceWU5MgJNAgt8AABnB [info] Sent 200 in 716µs
2023-04-18T19:32:34.887 application=block_scout_web request_id=F1ceWVXbfUifSNQAABoB [info] GET /blocks
2023-04-18T19:32:34.896 application=block_scout_web request_id=F1ceWVXbfUifSNQAABoB [info] Sent 200 in 8ms
2023-04-18T19:32:39.117 application=block_scout_web request_id=F1ceWlH0nKVsvKUAABsB [info] GET /eth-rpc-api-docs
2023-04-18T19:32:39.117 application=block_scout_web request_id=F1ceWlH0nKVsvKUAABsB [info] Sent 200 in 767µs
2023-04-18T19:33:05.473 application=block_scout_web request_id=F1ceYHTnbwW-spwAAB3B [info] GET /txs
2023-04-18T19:33:05.477 application=block_scout_web request_id=F1ceYHTnbwW-spwAAB3B [info] Sent 200 in 4ms
2023-04-18T19:33:05.641 application=block_scout_web request_id=F1ceYH7q0S4gNrYAAB4B [info] GET /txs
2023-04-18T19:33:05.648 application=block_scout_web request_id=F1ceYH7q0S4gNrYAAB4B [info] Sent 200 in 7ms
2023-04-18T19:48:12.146 application=block_scout_web request_id=F1cfM47RxShcn38AAA6K [info] GET /
2023-04-18T19:48:12.152 application=block_scout_web request_id=F1cfM47RxShcn38AAA6K [info] Sent 200 in 5ms
2023-04-18T19:48:12.277 application=block_scout_web request_id=F1cfM5ao9UoLrLsAABcL [info] GET /recent-transactions
2023-04-18T19:48:12.278 application=block_scout_web request_id=F1cfM5a6N0bUTnIAAA9K [info] GET /chain-blocks
2023-04-18T19:48:12.281 application=block_scout_web request_id=F1cfM5ao9UoLrLsAABcL [info] Sent 200 in 4ms
2023-04-18T19:48:12.282 application=block_scout_web request_id=F1cfM5a6N0bUTnIAAA9K [info] Sent 200 in 3ms
2023-04-18T19:48:12.301 application=block_scout_web request_id=F1cfM5gQRbnZ57cAAACD [info] GET /market-history-chart
2023-04-18T19:48:12.301 application=block_scout_web request_id=F1cfM5gT1lymHD4AABeL [info] GET /transaction-history-chart
2023-04-18T19:48:12.302 application=block_scout_web request_id=F1cfM5gT1lymHD4AABeL [info] Sent 200 in 1ms
2023-04-18T19:48:12.303 application=block_scout_web request_id=F1cfM5gQRbnZ57cAAACD [info] Sent 200 in 2ms
2023-04-18T19:48:14.482 application=block_scout_web request_id=F1cfNBoKzpri5lAAABgL [info] GET /
2023-04-18T19:48:14.496 application=block_scout_web request_id=F1cfNBoKzpri5lAAABgL [info] Sent 200 in 13ms
2023-04-18T19:48:14.626 application=block_scout_web request_id=F1cfNCKgnyW7TqkAABhL [info] GET /recent-transactions
2023-04-18T19:48:14.626 application=block_scout_web request_id=F1cfNCKtMORLIhIAAAFD [info] GET /chain-blocks
2023-04-18T19:48:14.628 application=block_scout_web request_id=F1cfNCKtMORLIhIAAAFD [info] Sent 200 in 1ms
2023-04-18T19:48:14.630 application=block_scout_web request_id=F1cfNCKgnyW7TqkAABhL [info] Sent 200 in 4ms
2023-04-18T19:48:14.654 application=block_scout_web request_id=F1cfNCRNV4TFmTkAAAGD [info] GET /transaction-history-chart
2023-04-18T19:48:14.654 application=block_scout_web request_id=F1cfNCRNV-s6T5UAABiL [info] GET /market-history-chart
2023-04-18T19:48:14.654 application=block_scout_web request_id=F1cfNCRNV-s6T5UAABiL [info] Sent 200 in 117µs
2023-04-18T19:48:14.655 application=block_scout_web request_id=F1cfNCRNV4TFmTkAAAGD [info] Sent 200 in 1ms
2023-04-18T19:48:16.256 application=block_scout_web request_id=F1cfNIPLhImv3aAAAAMD [info] GET /blocks
2023-04-18T19:48:16.257 application=block_scout_web request_id=F1cfNIPLhImv3aAAAAMD [info] Sent 200 in 939µs
2023-04-18T19:48:16.403 application=block_scout_web request_id=F1cfNIyXbJqNgZAAAAgB [info] GET /blocks
2023-04-18T19:48:16.406 application=block_scout_web request_id=F1cfNIyXbJqNgZAAAAgB [info] Sent 200 in 3ms
2023-04-18T19:49:15.733 application=block_scout_web request_id=F1cfQlzlIXVgB78AAAlD [info] GET /
2023-04-18T19:49:15.736 application=block_scout_web request_id=F1cfQlzlIXVgB78AAAlD [info] Sent 200 in 3ms
2023-04-18T19:49:15.857 application=block_scout_web request_id=F1cfQmRLsRYeYE8AAAmD [info] GET /recent-transactions
2023-04-18T19:49:15.857 application=block_scout_web request_id=F1cfQmRU-x1oCwgAAAoM [info] GET /chain-blocks
2023-04-18T19:49:15.859 application=block_scout_web request_id=F1cfQmRU-x1oCwgAAAoM [info] Sent 200 in 1ms
2023-04-18T19:49:15.859 application=block_scout_web request_id=F1cfQmRLsRYeYE8AAAmD [info] Sent 200 in 2ms
2023-04-18T19:49:15.888 application=block_scout_web request_id=F1cfQmYonwDnDV0AAAnD [info] GET /market-history-chart
2023-04-18T19:49:15.888 application=block_scout_web request_id=F1cfQmYoo91fPs4AAALG [info] GET /transaction-history-chart
2023-04-18T19:49:15.888 application=block_scout_web request_id=F1cfQmYonwDnDV0AAAnD [info] Sent 200 in 114µs
2023-04-18T19:49:15.890 application=block_scout_web request_id=F1cfQmYoo91fPs4AAALG [info] Sent 200 in 1ms
2023-04-18T19:49:17.661 application=block_scout_web request_id=F1cfQs_XJnLWQ4wAABmL [info] GET /blocks
2023-04-18T19:49:17.662 application=block_scout_web request_id=F1cfQs_XJnLWQ4wAABmL [info] Sent 200 in 831µs
2023-04-18T19:49:17.805 application=block_scout_web request_id=F1cfQthjNnEktHcAAAMG [info] GET /blocks
2023-04-18T19:49:17.806 application=block_scout_web request_id=F1cfQthjNnEktHcAAAMG [info] Sent 200 in 1ms
2023-04-18T19:50:32.349 application=block_scout_web request_id=F1cfVDOTu7xBHnYAACCB [info] GET /
2023-04-18T19:50:32.364 application=block_scout_web request_id=F1cfVDOTu7xBHnYAACCB [info] Sent 200 in 15ms
2023-04-18T19:50:32.472 application=block_scout_web request_id=F1cfVDru8HV-7CIAACEB [info] GET /recent-transactions
2023-04-18T19:50:32.473 application=block_scout_web request_id=F1cfVDr_nSPzZGYAACGB [info] GET /chain-blocks
2023-04-18T19:50:32.476 application=block_scout_web request_id=F1cfVDru8HV-7CIAACEB [info] Sent 200 in 3ms
2023-04-18T19:50:32.476 application=block_scout_web request_id=F1cfVDr_nSPzZGYAACGB [info] Sent 200 in 2ms
2023-04-18T19:50:32.499 application=block_scout_web request_id=F1cfVDyJelWbllgAACIB [info] GET /market-history-chart
2023-04-18T19:50:32.500 application=block_scout_web request_id=F1cfVDyQVbwp1zwAAAcH [info] GET /transaction-history-chart
2023-04-18T19:50:32.501 application=block_scout_web request_id=F1cfVDyQVbwp1zwAAAcH [info] Sent 200 in 1ms
2023-04-18T19:50:32.501 application=block_scout_web request_id=F1cfVDyJelWbllgAACIB [info] Sent 200 in 2ms
2023-04-18T19:50:35.189 application=block_scout_web request_id=F1cfVNzbT_hdTFQAACNB [info] GET /
2023-04-18T19:50:35.192 application=block_scout_web request_id=F1cfVNzbT_hdTFQAACNB [info] Sent 200 in 2ms
2023-04-18T19:50:35.444 application=block_scout_web request_id=F1cfVOwRnk1Vc54AAAeH [info] GET /recent-transactions
2023-04-18T19:50:35.445 application=block_scout_web request_id=F1cfVOwcvgqPyrUAAAfH [info] GET /chain-blocks
2023-04-18T19:50:35.447 application=block_scout_web request_id=F1cfVOwRnk1Vc54AAAeH [info] Sent 200 in 2ms
2023-04-18T19:50:35.448 application=block_scout_web request_id=F1cfVOwcvgqPyrUAAAfH [info] Sent 200 in 3ms
2023-04-18T19:50:35.492 application=block_scout_web request_id=F1cfVO7o5yvuWQwAAAgH [info] GET /market-history-chart
2023-04-18T19:50:35.492 application=block_scout_web request_id=F1cfVO7o5yvuWQwAAAgH [info] Sent 200 in 194µs
2023-04-18T19:50:35.493 application=block_scout_web request_id=F1cfVO717RlTPFoAAAhH [info] GET /transaction-history-chart
2023-04-18T19:50:35.494 application=block_scout_web request_id=F1cfVO717RlTPFoAAAhH [info] Sent 200 in 1ms
2023-04-18T19:55:56.165 application=block_scout_web request_id=F1cfn5iBJgK_CfcAAAEP [info] GET /
2023-04-18T19:55:56.187 application=block_scout_web request_id=F1cfn5iBJgK_CfcAAAEP [info] Sent 200 in 22ms
2023-04-18T19:55:56.696 application=block_scout_web request_id=F1cfn7gwiDNo1j4AAABI [info] GET /recent-transactions
2023-04-18T19:55:56.703 application=block_scout_web request_id=F1cfn7iYmjbct5sAAADI [info] GET /chain-blocks
2023-04-18T19:55:56.704 application=block_scout_web request_id=F1cfn7gwiDNo1j4AAABI [info] Sent 200 in 7ms
2023-04-18T19:55:56.706 application=block_scout_web request_id=F1cfn7iYmjbct5sAAADI [info] Sent 200 in 2ms
2023-04-18T19:55:56.856 application=block_scout_web request_id=F1cfn8Gu1VLMSxwAAAFI [info] GET /market-history-chart
2023-04-18T19:55:56.856 application=block_scout_web request_id=F1cfn8G4_7uvovkAAAAN [info] GET /transaction-history-chart
2023-04-18T19:55:56.859 application=block_scout_web request_id=F1cfn8Gu1VLMSxwAAAFI [info] Sent 200 in 2ms
2023-04-18T19:55:56.859 application=block_scout_web request_id=F1cfn8G4_7uvovkAAAAN [info] Sent 200 in 2ms
2023-04-18T19:56:54.252 application=block_scout_web request_id=F1cfrR6_dfQ3Q-QAADAB [info] GET /
2023-04-18T19:56:54.255 application=block_scout_web request_id=F1cfrR6_dfQ3Q-QAADAB [info] Sent 200 in 3ms
2023-04-18T19:56:54.367 application=block_scout_web request_id=F1cfrSWdC3hINXIAADBB [info] GET /recent-transactions
2023-04-18T19:56:54.368 application=block_scout_web request_id=F1cfrSWdC3hINXIAADBB [info] Sent 200 in 1ms
2023-04-18T19:56:54.370 application=block_scout_web request_id=F1cfrSXMjoCFpdIAAAkI [info] GET /chain-blocks
2023-04-18T19:56:54.372 application=block_scout_web request_id=F1cfrSXMjoCFpdIAAAkI [info] Sent 200 in 2ms
2023-04-18T19:56:54.399 application=block_scout_web request_id=F1cfrSePdNvS5G8AAAlI [info] GET /market-history-chart
2023-04-18T19:56:54.399 application=block_scout_web request_id=F1cfrSePdNvS5G8AAAlI [info] Sent 200 in 116µs
2023-04-18T19:56:54.400 application=block_scout_web request_id=F1cfrSeclGOQpa8AAAIH [info] GET /transaction-history-chart
2023-04-18T19:56:54.402 application=block_scout_web request_id=F1cfrSeclGOQpa8AAAIH [info] Sent 200 in 1ms
2023-04-18T20:12:45.971 application=block_scout_web request_id=F1cgirWd9Msx8qcAAAEC [info] GET /
2023-04-18T20:12:45.987 application=block_scout_web request_id=F1cgirWd9Msx8qcAAAEC [info] Sent 200 in 16ms
2023-04-18T20:12:46.422 application=block_scout_web request_id=F1cgitCBYxYnnVkAAABK [info] GET /recent-transactions
2023-04-18T20:12:46.424 application=block_scout_web request_id=F1cgitChec_FbXcAAAGF [info] GET /chain-blocks
2023-04-18T20:12:46.424 application=block_scout_web request_id=F1cgitCBYxYnnVkAAABK [info] Sent 200 in 2ms
2023-04-18T20:12:46.427 application=block_scout_web request_id=F1cgitChec_FbXcAAAGF [info] Sent 200 in 3ms
2023-04-18T20:12:46.495 application=block_scout_web request_id=F1cgitTeFqQiKQEAAAHC [info] GET /market-history-chart
2023-04-18T20:12:46.495 application=block_scout_web request_id=F1cgitTforjx7gIAAAAL [info] GET /transaction-history-chart
2023-04-18T20:12:46.496 application=block_scout_web request_id=F1cgitTforjx7gIAAAAL [info] Sent 200 in 1ms
2023-04-18T20:12:46.497 application=block_scout_web request_id=F1cgitTeFqQiKQEAAAHC [info] Sent 200 in 2ms
2023-04-18T20:14:20.059 application=block_scout_web request_id=F1cgoJ3Bxyon8tEAABMM [info] GET /
2023-04-18T20:14:20.063 application=block_scout_web request_id=F1cgoJ3Bxyon8tEAABMM [info] Sent 200 in 3ms
2023-04-18T20:14:20.305 application=block_scout_web request_id=F1cgoKxiF1HvHXAAAAMN [info] GET /recent-transactions
2023-04-18T20:14:20.309 application=block_scout_web request_id=F1cgoKxiF1HvHXAAAAMN [info] Sent 200 in 3ms
2023-04-18T20:14:20.314 application=block_scout_web request_id=F1cgoKzxTWBiqSgAAB6B [info] GET /chain-blocks
2023-04-18T20:14:20.319 application=block_scout_web request_id=F1cgoKzxTWBiqSgAAB6B [info] Sent 200 in 4ms
2023-04-18T20:14:20.403 application=block_scout_web request_id=F1cgoLI231QGB5wAAB9H [info] GET /market-history-chart
2023-04-18T20:14:20.405 application=block_scout_web request_id=F1cgoLJW5PaAbEoAAADL [info] GET /transaction-history-chart
2023-04-18T20:14:20.403 application=block_scout_web request_id=F1cgoLI231QGB5wAAB9H [info] Sent 200 in 278µs
2023-04-18T20:14:20.408 application=block_scout_web request_id=F1cgoLJW5PaAbEoAAADL [info] Sent 200 in 3ms
2023-04-18T20:21:01.971 application=block_scout_web request_id=F1cg_jGJ6Li-2ecAAAgL [info] GET /
2023-04-18T20:21:01.974 application=block_scout_web request_id=F1cg_jGJ6Li-2ecAAAgL [info] Sent 200 in 2ms
2023-04-18T20:21:02.116 application=block_scout_web request_id=F1cg_joq9eRvgzQAABMC [info] GET /recent-transactions
2023-04-18T20:21:02.118 application=block_scout_web request_id=F1cg_jpReud09DoAABNC [info] GET /chain-blocks
2023-04-18T20:21:02.123 application=block_scout_web request_id=F1cg_jpReud09DoAABNC [info] Sent 200 in 4ms
2023-04-18T20:21:02.125 application=block_scout_web request_id=F1cg_joq9eRvgzQAABMC [info] Sent 200 in 8ms
2023-04-18T20:21:02.183 application=block_scout_web request_id=F1cg_j4pMPrIjSkAABOC [info] GET /market-history-chart
2023-04-18T20:21:02.183 application=block_scout_web request_id=F1cg_j4pMPrIjSkAABOC [info] Sent 200 in 301µs
2023-04-18T20:21:02.184 application=block_scout_web request_id=F1cg_j49REDySToAABPC [info] GET /transaction-history-chart
2023-04-18T20:21:02.187 application=block_scout_web request_id=F1cg_j49REDySToAABPC [info] Sent 200 in 2ms
2023-04-18T21:03:14.616 application=block_scout_web request_id=F1cjS97yKpKeuIcAAA_G [info] GET /
2023-04-18T21:03:14.622 application=block_scout_web request_id=F1cjS97yKpKeuIcAAA_G [info] Sent 200 in 6ms
2023-04-18T21:03:14.857 application=block_scout_web request_id=F1cjS-1TF9SvmwsAABCG [info] GET /recent-transactions
2023-04-18T21:03:14.858 application=block_scout_web request_id=F1cjS-1jL_QoomgAABEG [info] GET /chain-blocks
2023-04-18T21:03:14.861 application=block_scout_web request_id=F1cjS-1TF9SvmwsAABCG [info] Sent 200 in 4ms
2023-04-18T21:03:14.867 application=block_scout_web request_id=F1cjS-1jL_QoomgAABEG [info] Sent 200 in 9ms
2023-04-18T21:03:14.921 application=block_scout_web request_id=F1cjS_EfVIk33r4AABGG [info] GET /market-history-chart
2023-04-18T21:03:14.921 application=block_scout_web request_id=F1cjS_Ele7m7b6gAABIG [info] GET /transaction-history-chart
2023-04-18T21:03:14.922 application=block_scout_web request_id=F1cjS_Ele7m7b6gAABIG [info] Sent 200 in 1ms
2023-04-18T21:03:14.922 application=block_scout_web request_id=F1cjS_EfVIk33r4AABGG [info] Sent 200 in 1ms
2023-04-18T21:04:43.736 application=block_scout_web request_id=F1cjYJ7nRDlB0lsAADnG [info] GET /txs
2023-04-18T21:04:43.740 application=block_scout_web request_id=F1cjYJ7nRDlB0lsAADnG [info] Sent 200 in 4ms
2023-04-18T21:04:44.048 application=block_scout_web request_id=F1cjYLGHzsCsyjQACSoB [info] GET /txs
2023-04-18T21:04:44.071 application=block_scout_web request_id=F1cjYLGHzsCsyjQACSoB [info] Sent 200 in 22ms
2023-04-18T21:04:46.629 application=block_scout_web request_id=F1cjYUtarDtrBBAACbyB [info] GET /block/1
2023-04-18T21:04:46.629 application=block_scout_web request_id=F1cjYUtarDtrBBAACbyB [info] Sent 302 in 325µs
2023-04-18T21:04:46.637 application=block_scout_web request_id=F1cjYUvNvF5E0K4ACb1B [info] GET /block/1/transactions
2023-04-18T21:04:46.653 application=block_scout_web request_id=F1cjYUvNvF5E0K4ACb1B [info] Sent 200 in 16ms
2023-04-18T21:04:47.137 application=block_scout_web request_id=F1cjYWmeW8pRXPEACdbB [info] GET /block/1/transactions
2023-04-18T21:04:47.157 application=block_scout_web request_id=F1cjYWmeW8pRXPEACdbB [info] Sent 200 in 20ms
2023-04-18T22:46:49.602 application=block_scout_web request_id=F1co8uj8FI5NsAsAAM7C [info] GET /
2023-04-18T22:46:49.615 application=block_scout_web request_id=F1co8uj8FI5NsAsAAM7C [info] Sent 200 in 12ms
2023-04-18T22:46:50.045 application=block_scout_web request_id=F1co8wNjXRGhucUAAOKC [info] GET /recent-transactions
2023-04-18T22:46:50.046 application=block_scout_web request_id=F1co8wN1_uqs2kAAAHFF [info] GET /chain-blocks
2023-04-18T22:46:50.060 application=block_scout_web request_id=F1co8wNjXRGhucUAAOKC [info] Sent 200 in 14ms
2023-04-18T22:46:50.066 application=block_scout_web request_id=F1co8wN1_uqs2kAAAHFF [info] Sent 200 in 19ms
2023-04-18T22:46:50.118 application=block_scout_web request_id=F1co8wfARgsL2YUAAHNF [info] GET /market-history-chart
2023-04-18T22:46:50.121 application=block_scout_web request_id=F1co8wfARgsL2YUAAHNF [info] Sent 200 in 1ms
2023-04-18T22:46:50.124 application=block_scout_web request_id=F1co8wgUK0ec1cQAAOcC [info] GET /transaction-history-chart
2023-04-18T22:46:50.125 application=block_scout_web request_id=F1co8wgUK0ec1cQAAOcC [info] Sent 200 in 1ms
2023-04-18T22:46:53.652 application=block_scout_web request_id=F1co89pmtJ7IANMAAXKC [info] GET /blocks
2023-04-18T22:46:53.656 application=block_scout_web request_id=F1co89pmtJ7IANMAAXKC [info] Sent 200 in 3ms
2023-04-18T22:46:53.916 application=block_scout_web request_id=F1co8-oZaA2P4HUAAXvC [info] GET /blocks
2023-04-18T22:46:53.932 application=block_scout_web request_id=F1co8-oZaA2P4HUAAXvC [info] Sent 200 in 16ms
2023-04-18T22:46:57.754 application=block_scout_web request_id=F1co9M7bvr0jZxkAAgqC [info] GET /address/0xC35367015f48be723dfC9e54357B9c3781434ED6
2023-04-18T22:46:57.811 application=block_scout_web request_id=F1co9M7bvr0jZxkAAgqC [info] Sent 200 in 57ms
2023-04-18T22:46:58.287 application=block_scout_web request_id=F1co9O6fMlcbUEUAAIHE [info] GET /address-counters
2023-04-18T22:46:58.302 application=block_scout_web request_id=F1co9O6fMlcbUEUAAIHE [info] Sent 200 in 15ms
2023-04-18T22:46:58.307 application=block_scout_web request_id=F1co9O_ZtFf0C28AAIIE [info] GET /address/0xC35367015f48be723dfC9e54357B9c3781434ED6
2023-04-18T22:46:58.329 application=block_scout_web request_id=F1co9O_ZtFf0C28AAIIE [info] Sent 200 in 22ms
2023-04-18T22:46:59.277 application=block_scout_web request_id=F1co9SmxLJGPGvoAAm-B [info] GET /address/0xC35367015f48be723dfC9e54357B9c3781434ED6/token-balances
2023-04-18T22:46:59.280 application=block_scout_web request_id=F1co9SmxLJGPGvoAAm-B [info] Sent 200 in 2ms
